<?xml version="1.0" encoding="UTF-8"?>
<!-- Generated by org.testng.reporters.JUnitReportReporter -->
<testsuite hostname="ashish" failures="0" tests="2" name="Facengenie.FacengenieLoginLogout" time="0.031" errors="0" timestamp="14 Sep 2023 02:28:04 GMT" skipped="0">
  <testcase classname="Facengenie.FacengenieLoginLogout" name="Login" time="0.018"/>
  <testcase classname="Facengenie.FacengenieLoginLogout" name="Logout" time="0.013"/>
</testsuite> <!-- Facengenie.FacengenieLoginLogout -->
