<?xml version="1.0" encoding="UTF-8"?>
<!-- Generated by org.testng.reporters.JUnitReportReporter -->
<testsuite hostname="ashish" failures="0" tests="4" name="Facengenie.LoginWithMultipleSetsofData" time="41.377" errors="0" timestamp="14 Sep 2023 04:12:05 GMT" skipped="0">
  <testcase classname="Facengenie.LoginWithMultipleSetsofData" name="VerifyLoginCredentials" time="6.016"/>
  <testcase classname="Facengenie.LoginWithMultipleSetsofData" name="VerifyLoginCredentials" time="8.076"/>
  <testcase classname="Facengenie.LoginWithMultipleSetsofData" name="VerifyLoginCredentials" time="7.237"/>
  <testcase classname="Facengenie.LoginWithMultipleSetsofData" name="VerifyLoginCredentials" time="20.048"/>
</testsuite> <!-- Facengenie.LoginWithMultipleSetsofData -->
