<?xml version="1.0" encoding="UTF-8"?>
<!-- Generated by org.testng.reporters.JUnitReportReporter -->
<testsuite hostname="ashish" failures="0" tests="1" name="Facengenie.FacengenieLogout" time="12.003" errors="0" timestamp="14 Sep 2023 04:37:19 GMT" skipped="0">
  <testcase classname="Facengenie.FacengenieLogout" name="Logout" time="12.003"/>
</testsuite> <!-- Facengenie.FacengenieLogout -->
