<?xml version="1.0" encoding="UTF-8"?>
<!-- Generated by org.testng.reporters.JUnitReportReporter -->
<testsuite hostname="ashish" failures="0" tests="4" name="Facengenie.FacengenieLogin" time="29.685" errors="0" timestamp="14 Sep 2023 04:37:19 GMT" skipped="0">
  <testcase classname="Facengenie.FacengenieLogin" name="VerifyLoginCredentials" time="9.662"/>
  <testcase classname="Facengenie.FacengenieLogin" name="VerifyLoginCredentials" time="6.100"/>
  <testcase classname="Facengenie.FacengenieLogin" name="VerifyLoginCredentials" time="6.911"/>
  <testcase classname="Facengenie.FacengenieLogin" name="VerifyLoginCredentials" time="7.012"/>
</testsuite> <!-- Facengenie.FacengenieLogin -->
